   1               		.file	"USBTask.c"
   2               	__SREG__ = 0x3f
   3               	__SP_H__ = 0x3e
   4               	__SP_L__ = 0x3d
   5               	__CCP__ = 0x34
   6               	__tmp_reg__ = 0
   7               	__zero_reg__ = 1
  15               	.Ltext0:
  16               		.section	.text.USB_USBTask,"ax",@progbits
  17               	.global	USB_USBTask
  19               	USB_USBTask:
  20               	.LFB18:
  21               	.LSM0:
  22 0000 1F93      		push r17
  23               	/* prologue: function */
  24               	/* frame size = 0 */
  25               	/* stack size = 1 */
  26               	.L__stack_usage = 1
  27               	.LBB5:
  28               	.LBB6:
  29               	.LSM1:
  30 0002 8091 0000 		lds r24,USB_DeviceState
  31 0006 8823      		tst r24
  32 0008 01F0      		breq .L1
  33               	.LBB7:
  34               	.LSM2:
  35 000a 1091 E900 		lds r17,233
  36 000e 1770      		andi r17,lo8(7)
  37               	.LVL0:
  38               	.LSM3:
  39 0010 1092 E900 		sts 233,__zero_reg__
  40               	.LSM4:
  41 0014 8091 E800 		lds r24,232
  42 0018 83FF      		sbrs r24,3
  43 001a 00C0      		rjmp .L3
  44               	.LSM5:
  45 001c 0E94 0000 		call USB_Device_ProcessControlRequest
  46               	.L3:
  47               	.LSM6:
  48 0020 1093 E900 		sts 233,r17
  49               	.LVL1:
  50               	.L1:
  51               	/* epilogue start */
  52               	.LBE7:
  53               	.LBE6:
  54               	.LBE5:
  55               	.LSM7:
  56 0024 1F91      		pop r17
  57 0026 0895      		ret
  58               	.LFE18:
  60               		.comm USB_IsInitialized,1,1
  61               		.comm USB_ControlRequest,8,1
  62               		.comm USB_DeviceState,1,1
  87               	.Letext0:
DEFINED SYMBOLS
                            *ABS*:0000000000000000 USBTask.c
     /tmp/ccmNKqSL.s:2      *ABS*:000000000000003f __SREG__
     /tmp/ccmNKqSL.s:3      *ABS*:000000000000003e __SP_H__
     /tmp/ccmNKqSL.s:4      *ABS*:000000000000003d __SP_L__
     /tmp/ccmNKqSL.s:5      *ABS*:0000000000000034 __CCP__
     /tmp/ccmNKqSL.s:6      *ABS*:0000000000000000 __tmp_reg__
     /tmp/ccmNKqSL.s:7      *ABS*:0000000000000001 __zero_reg__
     /tmp/ccmNKqSL.s:19     .text.USB_USBTask:0000000000000000 USB_USBTask
                            *COM*:0000000000000001 USB_DeviceState
                            *COM*:0000000000000001 USB_IsInitialized
                            *COM*:0000000000000008 USB_ControlRequest

UNDEFINED SYMBOLS
USB_Device_ProcessControlRequest
__do_clear_bss
